[debug] [2024-10-16T12:42:12.290Z] ----------------------------------------------------------------------
[debug] [2024-10-16T12:42:12.294Z] Command:       C:\Program Files\nodejs\node.exe C:\Users\EZEN\AppData\Roaming\npm\node_modules\firebase-tools\lib\bin\firebase.js init
[debug] [2024-10-16T12:42:12.295Z] CLI Version:   13.13.1
[debug] [2024-10-16T12:42:12.295Z] Platform:      win32
[debug] [2024-10-16T12:42:12.295Z] Node Version:  v20.15.0
[debug] [2024-10-16T12:42:12.295Z] Time:          Wed Oct 16 2024 21:42:12 GMT+0900 (대한민국 표준시)
[debug] [2024-10-16T12:42:12.296Z] ----------------------------------------------------------------------
[debug] 
[debug] [2024-10-16T12:42:12.302Z] >>> [apiv2][query] GET https://firebase-public.firebaseio.com/cli.json [none]
[debug] [2024-10-16T12:42:12.360Z] > command requires scopes: ["email","openid","https://www.googleapis.com/auth/cloudplatformprojects.readonly","https://www.googleapis.com/auth/firebase","https://www.googleapis.com/auth/cloud-platform"]
[debug] [2024-10-16T12:42:12.360Z] > authorizing via signed-in user (ehdgns730@gmail.com)
[info] 
     ######## #### ########  ######## ########     ###     ######  ########
     ##        ##  ##     ## ##       ##     ##  ##   ##  ##       ##
     ######    ##  ########  ######   ########  #########  ######  ######
     ##        ##  ##    ##  ##       ##     ## ##     ##       ## ##
     ##       #### ##     ## ######## ########  ##     ##  ######  ########

You're about to initialize a Firebase project in this directory:

  C:\Users\EZEN\Desktop\instagram\instagram_ytk

[debug] [2024-10-16T12:42:12.814Z] <<< [apiv2][status] GET https://firebase-public.firebaseio.com/cli.json 200
[debug] [2024-10-16T12:42:12.815Z] <<< [apiv2][body] GET https://firebase-public.firebaseio.com/cli.json {"cloudBuildErrorAfter":1594252800000,"cloudBuildWarnAfter":1590019200000,"defaultNode10After":1594252800000,"minVersion":"3.0.5","node8DeploysDisabledAfter":1613390400000,"node8RuntimeDisabledAfter":1615809600000,"node8WarnAfter":1600128000000}
